# JRE version: OpenJDK Runtime Environment Microsoft-8035246 (17.0.8+7) (build 17.0.8+7-LTS)
# Java VM: OpenJDK 64-Bit Server VM Microsoft-8035246 (17.0.8+7-LTS, mixed mode, sharing, tiered, compressed oops, compressed class ptrs, g1 gc, windows-amd64)
GC Precious Log:
 CPUs: 12 total, 12 available
 Memory: 15775M
 Large Page Support: Disabled
 NUMA Support: Disabled
 Compressed Oops: Enabled (32-bit)
 Heap Region Size: 1M
 Heap Min Capacity: 8M
 Heap Initial Capacity: 248M
 Heap Max Capacity: 2G
 Pre-touch: Disabled
 Parallel Workers: 10
 Concurrent Workers: 3
 Concurrent Refinement Workers: 10
 Periodic GC: Disabled
Heap:
 garbage-first heap   total 245760K, used 199366K [0x0000000080000000, 0x0000000100000000)
  region size 1024K, 49 young (50176K), 7 survivors (7168K)
 Metaspace       used 103213K, committed 104192K, reserved 557056K
  class space    used 14461K, committed 14912K, reserved 425984K
GC Heap History (20 events):
Event: 33.226 GC heap before
{Heap before GC invocations=33 (full 0):
 garbage-first heap   total 216064K, used 174797K [0x0000000080000000, 0x0000000100000000)
  region size 1024K, 87 young (89088K), 9 survivors (9216K)
 Metaspace       used 91226K, committed 92032K, reserved 557056K
  class space    used 12803K, committed 13184K, reserved 425984K
}
Event: 33.235 GC heap after
{Heap after GC invocations=34 (full 0):
 garbage-first heap   total 216064K, used 100145K [0x0000000080000000, 0x0000000100000000)
  region size 1024K, 9 young (9216K), 9 survivors (9216K)
 Metaspace       used 91226K, committed 92032K, reserved 557056K
  class space    used 12803K, committed 13184K, reserved 425984K
}
Event: 34.734 GC heap before
{Heap before GC invocations=34 (full 0):
 garbage-first heap   total 216064K, used 181041K [0x0000000080000000, 0x0000000100000000)
  region size 1024K, 84 young (86016K), 9 survivors (9216K)
 Metaspace       used 93393K, committed 94272K, reserved 557056K
  class space    used 13097K, committed 13504K, reserved 425984K
}
Event: 34.745 GC heap after
{Heap after GC invocations=35 (full 0):
 garbage-first heap   total 216064K, used 116736K [0x0000000080000000, 0x0000000100000000)
  region size 1024K, 11 young (11264K), 11 survivors (11264K)
 Metaspace       used 93393K, committed 94272K, reserved 557056K
  class space    used 13097K, committed 13504K, reserved 425984K
}
Event: 35.907 GC heap before
{Heap before GC invocations=35 (full 0):
 garbage-first heap   total 216064K, used 176128K [0x0000000080000000, 0x0000000100000000)
  region size 1024K, 67 young (68608K), 11 survivors (11264K)
 Metaspace       used 94023K, committed 94912K, reserved 557056K
  class space    used 13156K, committed 13568K, reserved 425984K
}
Event: 35.919 GC heap after
{Heap after GC invocations=36 (full 0):
 garbage-first heap   total 216064K, used 134485K [0x0000000080000000, 0x0000000100000000)
  region size 1024K, 9 young (9216K), 9 survivors (9216K)
 Metaspace       used 94023K, committed 94912K, reserved 557056K
  class space    used 13156K, committed 13568K, reserved 425984K
}
Event: 36.251 GC heap before
{Heap before GC invocations=36 (full 0):
 garbage-first heap   total 216064K, used 155989K [0x0000000080000000, 0x0000000100000000)
  region size 1024K, 31 young (31744K), 9 survivors (9216K)
 Metaspace       used 95107K, committed 96000K, reserved 557056K
  class space    used 13300K, committed 13696K, reserved 425984K
}
Event: 36.259 GC heap after
{Heap after GC invocations=37 (full 0):
 garbage-first heap   total 216064K, used 138248K [0x0000000080000000, 0x0000000100000000)
  region size 1024K, 3 young (3072K), 3 survivors (3072K)
 Metaspace       used 95107K, committed 96000K, reserved 557056K
  class space    used 13300K, committed 13696K, reserved 425984K
}
Event: 37.025 GC heap before
{Heap before GC invocations=38 (full 0):
 garbage-first heap   total 239616K, used 175112K [0x0000000080000000, 0x0000000100000000)
  region size 1024K, 39 young (39936K), 3 survivors (3072K)
 Metaspace       used 98937K, committed 99840K, reserved 557056K
  class space    used 13855K, committed 14272K, reserved 425984K
}
Event: 37.030 GC heap after
{Heap after GC invocations=39 (full 0):
 garbage-first heap   total 239616K, used 139438K [0x0000000080000000, 0x0000000100000000)
  region size 1024K, 4 young (4096K), 4 survivors (4096K)
 Metaspace       used 98937K, committed 99840K, reserved 557056K
  class space    used 13855K, committed 14272K, reserved 425984K
}
Event: 38.098 GC heap before
{Heap before GC invocations=40 (full 0):
 garbage-first heap   total 245760K, used 191662K [0x0000000080000000, 0x0000000100000000)
  region size 1024K, 55 young (56320K), 4 survivors (4096K)
 Metaspace       used 101042K, committed 102016K, reserved 557056K
  class space    used 14137K, committed 14592K, reserved 425984K
}
Event: 38.106 GC heap after
{Heap after GC invocations=41 (full 0):
 garbage-first heap   total 245760K, used 144177K [0x0000000080000000, 0x0000000100000000)
  region size 1024K, 7 young (7168K), 7 survivors (7168K)
 Metaspace       used 101042K, committed 102016K, reserved 557056K
  class space    used 14137K, committed 14592K, reserved 425984K
}
Event: 38.189 GC heap before
{Heap before GC invocations=41 (full 0):
 garbage-first heap   total 245760K, used 148273K [0x0000000080000000, 0x0000000100000000)
  region size 1024K, 12 young (12288K), 7 survivors (7168K)
 Metaspace       used 101160K, committed 102080K, reserved 557056K
  class space    used 14145K, committed 14592K, reserved 425984K
}
Event: 38.196 GC heap after
{Heap after GC invocations=42 (full 0):
 garbage-first heap   total 245760K, used 144818K [0x0000000080000000, 0x0000000100000000)
  region size 1024K, 2 young (2048K), 2 survivors (2048K)
 Metaspace       used 101160K, committed 102080K, reserved 557056K
  class space    used 14145K, committed 14592K, reserved 425984K
}
Event: 39.158 GC heap before
{Heap before GC invocations=42 (full 0):
 garbage-first heap   total 245760K, used 198066K [0x0000000080000000, 0x0000000100000000)
  region size 1024K, 54 young (55296K), 2 survivors (2048K)
 Metaspace       used 102035K, committed 102976K, reserved 557056K
  class space    used 14250K, committed 14656K, reserved 425984K
}
Event: 39.165 GC heap after
{Heap after GC invocations=43 (full 0):
 garbage-first heap   total 245760K, used 149827K [0x0000000080000000, 0x0000000100000000)
  region size 1024K, 7 young (7168K), 7 survivors (7168K)
 Metaspace       used 102035K, committed 102976K, reserved 557056K
  class space    used 14250K, committed 14656K, reserved 425984K
}
Event: 39.880 GC heap before
{Heap before GC invocations=43 (full 0):
 garbage-first heap   total 245760K, used 198979K [0x0000000080000000, 0x0000000100000000)
  region size 1024K, 56 young (57344K), 7 survivors (7168K)
 Metaspace       used 102943K, committed 103936K, reserved 557056K
  class space    used 14437K, committed 14912K, reserved 425984K
}
Event: 39.886 GC heap after
{Heap after GC invocations=44 (full 0):
 garbage-first heap   total 245760K, used 152171K [0x0000000080000000, 0x0000000100000000)
  region size 1024K, 3 young (3072K), 3 survivors (3072K)
 Metaspace       used 102943K, committed 103936K, reserved 557056K
  class space    used 14437K, committed 14912K, reserved 425984K
}
Event: 40.388 GC heap before
{Heap before GC invocations=44 (full 0):
 garbage-first heap   total 245760K, used 202347K [0x0000000080000000, 0x0000000100000000)
  region size 1024K, 53 young (54272K), 3 survivors (3072K)
 Metaspace       used 103197K, committed 104192K, reserved 557056K
  class space    used 14461K, committed 14912K, reserved 425984K
}
Event: 40.395 GC heap after
{Heap after GC invocations=45 (full 0):
 garbage-first heap   total 245760K, used 157382K [0x0000000080000000, 0x0000000100000000)
  region size 1024K, 7 young (7168K), 7 survivors (7168K)
 Metaspace       used 103197K, committed 104192K, reserved 557056K
  class space    used 14461K, committed 14912K, reserved 425984K
}

